0 info it worked if it ends with ok
1 verbose cli [ '/home/ozzadar/.nvm/versions/node/v5.5.0/bin/node',
1 verbose cli   '/home/ozzadar/.nvm/versions/node/v5.5.0/bin/npm',
1 verbose cli   'run',
1 verbose cli   'start' ]
2 info using npm@3.3.12
3 info using node@v5.5.0
4 verbose run-script [ 'prestart', 'start', 'poststart' ]
5 info lifecycle kdaemon_ui@1.0.0~prestart: kdaemon_ui@1.0.0
6 silly lifecycle kdaemon_ui@1.0.0~prestart: no script for prestart, continuing
7 info lifecycle kdaemon_ui@1.0.0~start: kdaemon_ui@1.0.0
8 verbose lifecycle kdaemon_ui@1.0.0~start: unsafe-perm in lifecycle true
9 verbose lifecycle kdaemon_ui@1.0.0~start: PATH: /home/ozzadar/.nvm/versions/node/v5.5.0/lib/node_modules/npm/bin/node-gyp-bin:/home/ozzadar/Documents/node/kdaemon_ui/node_modules/.bin:/home/ozzadar/.gvm/pkgsets/go1.5.3/global/bin:/home/ozzadar/.gvm/gos/go1.5.3/bin:/home/ozzadar/.gvm/pkgsets/go1.5.3/global/overlay/bin:/home/ozzadar/.gvm/bin:/home/ozzadar/.gvm/bin:/home/ozzadar/.nvm/versions/node/v5.5.0/bin:/usr/local/bin:/usr/bin:/bin:/usr/local/games:/usr/games
10 verbose lifecycle kdaemon_ui@1.0.0~start: CWD: /home/ozzadar/Documents/node/kdaemon_ui
11 silly lifecycle kdaemon_ui@1.0.0~start: Args: [ '-c', 'webpack-dev-server' ]
12 silly lifecycle kdaemon_ui@1.0.0~start: Returned: code: 1  signal: null
13 info lifecycle kdaemon_ui@1.0.0~start: Failed to exec start script
14 verbose stack Error: kdaemon_ui@1.0.0 start: `webpack-dev-server`
14 verbose stack Exit status 1
14 verbose stack     at EventEmitter.<anonymous> (/home/ozzadar/.nvm/versions/node/v5.5.0/lib/node_modules/npm/lib/utils/lifecycle.js:232:16)
14 verbose stack     at emitTwo (events.js:100:13)
14 verbose stack     at EventEmitter.emit (events.js:185:7)
14 verbose stack     at ChildProcess.<anonymous> (/home/ozzadar/.nvm/versions/node/v5.5.0/lib/node_modules/npm/lib/utils/spawn.js:24:14)
14 verbose stack     at emitTwo (events.js:100:13)
14 verbose stack     at ChildProcess.emit (events.js:185:7)
14 verbose stack     at maybeClose (internal/child_process.js:821:16)
14 verbose stack     at Process.ChildProcess._handle.onexit (internal/child_process.js:211:5)
15 verbose pkgid kdaemon_ui@1.0.0
16 verbose cwd /home/ozzadar/Documents/node/kdaemon_ui
17 error Linux 3.16.0-4-amd64
18 error argv "/home/ozzadar/.nvm/versions/node/v5.5.0/bin/node" "/home/ozzadar/.nvm/versions/node/v5.5.0/bin/npm" "run" "start"
19 error node v5.5.0
20 error npm  v3.3.12
21 error code ELIFECYCLE
22 error kdaemon_ui@1.0.0 start: `webpack-dev-server`
22 error Exit status 1
23 error Failed at the kdaemon_ui@1.0.0 start script 'webpack-dev-server'.
23 error Make sure you have the latest version of node.js and npm installed.
23 error If you do, this is most likely a problem with the kdaemon_ui package,
23 error not with npm itself.
23 error Tell the author that this fails on your system:
23 error     webpack-dev-server
23 error You can get their info via:
23 error     npm owner ls kdaemon_ui
23 error There is likely additional logging output above.
24 verbose exit [ 1, true ]
